  [1m[35m (1.9ms)[0m  [1m[34mSELECT sqlite_version(*)[0m
  [1m[35m (1.5ms)[0m  [1m[35mCREATE TABLE "schema_migrations" ("version" varchar NOT NULL PRIMARY KEY)[0m
  [1m[35m (1.2ms)[0m  [1m[35mCREATE TABLE "ar_internal_metadata" ("key" varchar NOT NULL PRIMARY KEY, "value" varchar, "created_at" datetime(6) NOT NULL, "updated_at" datetime(6) NOT NULL)[0m
  [1m[35m (0.2ms)[0m  [1m[34mSELECT "schema_migrations"."version" FROM "schema_migrations" ORDER BY "schema_migrations"."version" ASC[0m
Migrating to DeviseCreateUsers (20190826133025)
  [1m[35m (0.1ms)[0m  [1m[36mbegin transaction[0m
  [1m[35m (0.5ms)[0m  [1m[35mCREATE TABLE "users" ("id" integer PRIMARY KEY AUTOINCREMENT NOT NULL, "email" varchar DEFAULT '' NOT NULL, "encrypted_password" varchar DEFAULT '' NOT NULL, "reset_password_token" varchar, "reset_password_sent_at" datetime, "remember_created_at" datetime, "created_at" datetime(6) NOT NULL, "updated_at" datetime(6) NOT NULL)[0m
  [1m[35m (0.1ms)[0m  [1m[35mCREATE UNIQUE INDEX "index_users_on_email" ON "users" ("email")[0m
  [1m[35m (0.2ms)[0m  [1m[35mCREATE UNIQUE INDEX "index_users_on_reset_password_token" ON "users" ("reset_password_token")[0m
  [1m[36mprimary::SchemaMigration Create (0.3ms)[0m  [1m[32mINSERT INTO "schema_migrations" ("version") VALUES (?)[0m  [["version", "20190826133025"]]
  [1m[35m (1.5ms)[0m  [1m[36mcommit transaction[0m
Migrating to AddNameToUser (20190826133029)
  [1m[35m (0.2ms)[0m  [1m[36mbegin transaction[0m
  [1m[35m (1.1ms)[0m  [1m[35mALTER TABLE "users" ADD "name" varchar[0m
  [1m[36mprimary::SchemaMigration Create (0.2ms)[0m  [1m[32mINSERT INTO "schema_migrations" ("version") VALUES (?)[0m  [["version", "20190826133029"]]
  [1m[35m (0.8ms)[0m  [1m[36mcommit transaction[0m
  [1m[36mActiveRecord::InternalMetadata Load (0.2ms)[0m  [1m[34mSELECT "ar_internal_metadata".* FROM "ar_internal_metadata" WHERE "ar_internal_metadata"."key" = ? LIMIT ?[0m  [["key", "environment"], ["LIMIT", 1]]
  [1m[35m (0.0ms)[0m  [1m[36mbegin transaction[0m
  [1m[36mActiveRecord::InternalMetadata Create (0.7ms)[0m  [1m[32mINSERT INTO "ar_internal_metadata" ("key", "value", "created_at", "updated_at") VALUES (?, ?, ?, ?)[0m  [["key", "environment"], ["value", "development"], ["created_at", "2019-08-26 13:31:20.772188"], ["updated_at", "2019-08-26 13:31:20.772188"]]
  [1m[35m (1.1ms)[0m  [1m[36mcommit transaction[0m
  [1m[35m (0.1ms)[0m  [1m[34mSELECT sqlite_version(*)[0m
  [1m[35m (0.2ms)[0m  [1m[34mSELECT "schema_migrations"."version" FROM "schema_migrations" ORDER BY "schema_migrations"."version" ASC[0m
  [1m[35m (2.5ms)[0m  [1m[34mSELECT sqlite_version(*)[0m
  [1m[35m (0.5ms)[0m  [1m[34mSELECT "schema_migrations"."version" FROM "schema_migrations" ORDER BY "schema_migrations"."version" ASC[0m
Migrating to AddAuthenticationTokenToUsers (20190826163016)
  [1m[35m (0.1ms)[0m  [1m[36mbegin transaction[0m
  [1m[35m (1.2ms)[0m  [1m[35mALTER TABLE "users" ADD "authentication_token" varchar(30)[0m
  [1m[35m (0.4ms)[0m  [1m[35mCREATE UNIQUE INDEX "index_users_on_authentication_token" ON "users" ("authentication_token")[0m
  [1m[36mprimary::SchemaMigration Create (0.5ms)[0m  [1m[32mINSERT INTO "schema_migrations" ("version") VALUES (?)[0m  [["version", "20190826163016"]]
  [1m[35m (2.8ms)[0m  [1m[36mcommit transaction[0m
  [1m[36mActiveRecord::InternalMetadata Load (0.5ms)[0m  [1m[34mSELECT "ar_internal_metadata".* FROM "ar_internal_metadata" WHERE "ar_internal_metadata"."key" = ? LIMIT ?[0m  [["key", "environment"], ["LIMIT", 1]]
  [1m[35m (0.0ms)[0m  [1m[34mSELECT sqlite_version(*)[0m
  [1m[35m (0.2ms)[0m  [1m[34mSELECT "schema_migrations"."version" FROM "schema_migrations" ORDER BY "schema_migrations"."version" ASC[0m
  [1m[35m (22.4ms)[0m  [1m[34mSELECT sqlite_version(*)[0m
  [1m[35m (0.6ms)[0m  [1m[34mSELECT "schema_migrations"."version" FROM "schema_migrations" ORDER BY "schema_migrations"."version" ASC[0m
  [1m[36mActiveRecord::InternalMetadata Load (0.9ms)[0m  [1m[34mSELECT "ar_internal_metadata".* FROM "ar_internal_metadata" WHERE "ar_internal_metadata"."key" = ? LIMIT ?[0m  [["key", "environment"], ["LIMIT", 1]]
  [1m[35m (0.0ms)[0m  [1m[34mSELECT sqlite_version(*)[0m
  [1m[35m (0.1ms)[0m  [1m[34mSELECT "schema_migrations"."version" FROM "schema_migrations" ORDER BY "schema_migrations"."version" ASC[0m
  [1m[35m (2.5ms)[0m  [1m[34mSELECT sqlite_version(*)[0m
  [1m[35m (0.1ms)[0m  [1m[36mbegin transaction[0m
  [1m[36mUser Exists? (0.4ms)[0m  [1m[34mSELECT 1 AS one FROM "users" WHERE "users"."email" = ? LIMIT ?[0m  [["email", "luan@gmail.com"], ["LIMIT", 1]]
  [1m[35m (0.4ms)[0m  [1m[34mSELECT COUNT(*) FROM "users" WHERE "users"."authentication_token" = ?[0m  [["authentication_token", "2_5k6RysYt2-6eNPz6W-"]]
  [1m[36mUser Create (2.0ms)[0m  [1m[32mINSERT INTO "users" ("email", "encrypted_password", "created_at", "updated_at", "authentication_token") VALUES (?, ?, ?, ?, ?)[0m  [["email", "luan@gmail.com"], ["encrypted_password", "$2a$11$svOtZLJn5Xhp5pK/hxYN1OoGzIt/GDgfPQn/dPjJeBMeg66oBkVzm"], ["created_at", "2019-08-26 16:39:20.133403"], ["updated_at", "2019-08-26 16:39:20.133403"], ["authentication_token", "2_5k6RysYt2-6eNPz6W-"]]
  [1m[35m (0.8ms)[0m  [1m[36mcommit transaction[0m
  [1m[35m (19.6ms)[0m  [1m[34mSELECT sqlite_version(*)[0m
  [1m[35m (0.6ms)[0m  [1m[34mSELECT "schema_migrations"."version" FROM "schema_migrations" ORDER BY "schema_migrations"."version" ASC[0m
Migrating to CreateContacts (20190827160726)
  [1m[35m (0.1ms)[0m  [1m[36mbegin transaction[0m
  [1m[35m (1.0ms)[0m  [1m[35mCREATE TABLE "contacts" ("id" integer PRIMARY KEY AUTOINCREMENT NOT NULL, "name" varchar, "email" varchar, "phone" varchar, "description" text, "user_id" integer NOT NULL, "created_at" datetime(6) NOT NULL, "updated_at" datetime(6) NOT NULL, CONSTRAINT "fk_rails_8d2134e55e"
FOREIGN KEY ("user_id")
  REFERENCES "users" ("id")
)[0m
  [1m[35m (0.1ms)[0m  [1m[35mCREATE  INDEX "index_contacts_on_user_id" ON "contacts" ("user_id")[0m
  [1m[36mprimary::SchemaMigration Create (0.5ms)[0m  [1m[32mINSERT INTO "schema_migrations" ("version") VALUES (?)[0m  [["version", "20190827160726"]]
  [1m[35m (1.6ms)[0m  [1m[36mcommit transaction[0m
  [1m[36mActiveRecord::InternalMetadata Load (0.7ms)[0m  [1m[34mSELECT "ar_internal_metadata".* FROM "ar_internal_metadata" WHERE "ar_internal_metadata"."key" = ? LIMIT ?[0m  [["key", "environment"], ["LIMIT", 1]]
  [1m[35m (0.1ms)[0m  [1m[34mSELECT sqlite_version(*)[0m
  [1m[35m (0.1ms)[0m  [1m[34mSELECT "schema_migrations"."version" FROM "schema_migrations" ORDER BY "schema_migrations"."version" ASC[0m
Started GET "/api/v1/contacts.json" for ::1 at 2019-08-27 16:20:14 -0300
  [1m[35m (1.4ms)[0m  [1m[34mSELECT sqlite_version(*)[0m
  [1m[35m (0.5ms)[0m  [1m[34mSELECT "schema_migrations"."version" FROM "schema_migrations" ORDER BY "schema_migrations"."version" ASC[0m
Processing by Api::V1::ContactsController#index as JSON
Completed 401 Unauthorized in 6ms (ActiveRecord: 0.0ms | Allocations: 1177)


Started GET "/api/v1/contacts" for ::1 at 2019-08-27 16:24:18 -0300
Processing by Api::V1::ContactsController#index as */*
Completed 401 Unauthorized in 5ms (ActiveRecord: 0.0ms | Allocations: 170)


Started GET "/users/sign_in" for ::1 at 2019-08-27 16:24:18 -0300
Processing by Devise::SessionsController#new as */*
Completed 200 OK in 25ms (Views: 0.4ms | ActiveRecord: 1.9ms | Allocations: 8209)


Started GET "/api/v1/contacts.json" for ::1 at 2019-08-27 17:14:16 -0300
  [1m[35m (0.5ms)[0m  [1m[34mSELECT sqlite_version(*)[0m
Processing by Api::V1::ContactsController#index as JSON
Completed 401 Unauthorized in 3ms (ActiveRecord: 0.0ms | Allocations: 171)


  [1m[35m (2.1ms)[0m  [1m[34mSELECT sqlite_version(*)[0m
  [1m[35m (0.1ms)[0m  [1m[36mbegin transaction[0m
  [1m[36mUser Exists? (1.3ms)[0m  [1m[34mSELECT 1 AS one FROM "users" WHERE "users"."email" = ? LIMIT ?[0m  [["email", "luan@teste.com.br"], ["LIMIT", 1]]
  [1m[35m (1.2ms)[0m  [1m[34mSELECT COUNT(*) FROM "users" WHERE "users"."authentication_token" = ?[0m  [["authentication_token", "tCJMxhMiQqe52-hXrYzD"]]
  [1m[36mUser Create (4.7ms)[0m  [1m[32mINSERT INTO "users" ("email", "encrypted_password", "created_at", "updated_at", "authentication_token") VALUES (?, ?, ?, ?, ?)[0m  [["email", "luan@teste.com.br"], ["encrypted_password", "$2a$11$5LWU5Xwt/K4PhCCKzCFGput4JXDTAxjytBR5m02YwVmTtLf92j7pC"], ["created_at", "2019-08-27 20:18:15.480001"], ["updated_at", "2019-08-27 20:18:15.480001"], ["authentication_token", "tCJMxhMiQqe52-hXrYzD"]]
  [1m[35m (1.0ms)[0m  [1m[36mcommit transaction[0m
Started GET "/api/v1/contacts.json" for ::1 at 2019-08-27 17:27:37 -0300
  [1m[35m (1.1ms)[0m  [1m[34mSELECT sqlite_version(*)[0m
  [1m[35m (0.4ms)[0m  [1m[34mSELECT "schema_migrations"."version" FROM "schema_migrations" ORDER BY "schema_migrations"."version" ASC[0m
Processing by Api::V1::ContactsController#index as JSON
  [1m[36mUser Load (1.0ms)[0m  [1m[34mSELECT "users".* FROM "users" WHERE "users"."email" = ? ORDER BY "users"."id" ASC LIMIT ?[0m  [["email", "luan@teste.com.br"], ["LIMIT", 1]]
  [1m[36mContact Load (0.5ms)[0m  [1m[34mSELECT "contacts".* FROM "contacts" WHERE "contacts"."user_id" = ?[0m  [["user_id", 2]]
  ↳ app/controllers/api/v1/contacts_controller.rb:10:in `index'
Completed 200 OK in 38ms (Views: 5.3ms | ActiveRecord: 2.5ms | Allocations: 17249)


Started GET "/api/v1/contacts.json" for ::1 at 2019-08-27 17:35:03 -0300
  [1m[35m (0.3ms)[0m  [1m[34mSELECT sqlite_version(*)[0m
Processing by Api::V1::ContactsController#index as JSON
  Parameters: {"contact"=>{"name"=>"Luan ", "email"=>"luan@gmail.com"}}
Completed 401 Unauthorized in 5ms (ActiveRecord: 0.0ms | Allocations: 192)


Started POST "/api/v1/contacts.json" for ::1 at 2019-08-27 17:36:04 -0300
Processing by Api::V1::ContactsController#create as JSON
  Parameters: {"contact"=>{"name"=>"Luan ", "email"=>"luan@gmail.com"}}
  [1m[36mUser Load (0.8ms)[0m  [1m[34mSELECT "users".* FROM "users" WHERE "users"."email" = ? ORDER BY "users"."id" ASC LIMIT ?[0m  [["email", "luan@teste.com.br"], ["LIMIT", 1]]
  [1m[35m (0.1ms)[0m  [1m[36mbegin transaction[0m
  ↳ app/controllers/api/v1/contacts_controller.rb:22:in `create'
  [1m[36mContact Create (3.4ms)[0m  [1m[32mINSERT INTO "contacts" ("name", "email", "user_id", "created_at", "updated_at") VALUES (?, ?, ?, ?, ?)[0m  [["name", "Luan "], ["email", "luan@gmail.com"], ["user_id", 2], ["created_at", "2019-08-27 20:36:04.135084"], ["updated_at", "2019-08-27 20:36:04.135084"]]
  ↳ app/controllers/api/v1/contacts_controller.rb:22:in `create'
  [1m[35m (1.0ms)[0m  [1m[36mcommit transaction[0m
  ↳ app/controllers/api/v1/contacts_controller.rb:22:in `create'
Completed 201 Created in 79ms (Views: 2.0ms | ActiveRecord: 5.8ms | Allocations: 13259)


Started POST "/api/v1/contacts.json" for ::1 at 2019-08-27 17:36:59 -0300
Processing by Api::V1::ContactsController#create as JSON
  Parameters: {"contact"=>{"name"=>"Luan ", "email"=>"luan@gmail.com", "phone"=>"(11) 98901-9461", "description"=>"Contato de Trabalho"}}
  [1m[36mUser Load (0.2ms)[0m  [1m[34mSELECT "users".* FROM "users" WHERE "users"."email" = ? ORDER BY "users"."id" ASC LIMIT ?[0m  [["email", "luan@teste.com.br"], ["LIMIT", 1]]
  [1m[35m (0.1ms)[0m  [1m[36mbegin transaction[0m
  ↳ app/controllers/api/v1/contacts_controller.rb:22:in `create'
  [1m[36mContact Create (1.0ms)[0m  [1m[32mINSERT INTO "contacts" ("name", "email", "phone", "description", "user_id", "created_at", "updated_at") VALUES (?, ?, ?, ?, ?, ?, ?)[0m  [["name", "Luan "], ["email", "luan@gmail.com"], ["phone", "(11) 98901-9461"], ["description", "Contato de Trabalho"], ["user_id", 2], ["created_at", "2019-08-27 20:36:59.091231"], ["updated_at", "2019-08-27 20:36:59.091231"]]
  ↳ app/controllers/api/v1/contacts_controller.rb:22:in `create'
  [1m[35m (0.6ms)[0m  [1m[36mcommit transaction[0m
  ↳ app/controllers/api/v1/contacts_controller.rb:22:in `create'
Completed 201 Created in 12ms (Views: 0.6ms | ActiveRecord: 2.0ms | Allocations: 3936)


Started GET "/api/v1/contacts.json" for ::1 at 2019-08-27 17:38:00 -0300
Processing by Api::V1::ContactsController#index as JSON
  [1m[36mUser Load (0.2ms)[0m  [1m[34mSELECT "users".* FROM "users" WHERE "users"."email" = ? ORDER BY "users"."id" ASC LIMIT ?[0m  [["email", "luan@teste.com.br"], ["LIMIT", 1]]
  [1m[36mContact Load (0.2ms)[0m  [1m[34mSELECT "contacts".* FROM "contacts" WHERE "contacts"."user_id" = ?[0m  [["user_id", 2]]
  ↳ app/controllers/api/v1/contacts_controller.rb:10:in `index'
Completed 200 OK in 7ms (Views: 3.2ms | ActiveRecord: 0.4ms | Allocations: 2742)


Started DELETE "/api/v1/contacts.json" for ::1 at 2019-08-27 17:43:34 -0300
  [1m[35m (0.1ms)[0m  [1m[34mSELECT sqlite_version(*)[0m
  
ActionController::RoutingError (No route matches [DELETE] "/api/v1/contacts.json"):
  
actionpack (6.0.0) lib/action_dispatch/middleware/debug_exceptions.rb:36:in `call'
actionpack (6.0.0) lib/action_dispatch/middleware/show_exceptions.rb:33:in `call'
railties (6.0.0) lib/rails/rack/logger.rb:38:in `call_app'
railties (6.0.0) lib/rails/rack/logger.rb:26:in `block in call'
activesupport (6.0.0) lib/active_support/tagged_logging.rb:80:in `block in tagged'
activesupport (6.0.0) lib/active_support/tagged_logging.rb:28:in `tagged'
activesupport (6.0.0) lib/active_support/tagged_logging.rb:80:in `tagged'
railties (6.0.0) lib/rails/rack/logger.rb:26:in `call'
actionpack (6.0.0) lib/action_dispatch/middleware/remote_ip.rb:81:in `call'
actionpack (6.0.0) lib/action_dispatch/middleware/request_id.rb:27:in `call'
rack (2.0.7) lib/rack/runtime.rb:22:in `call'
activesupport (6.0.0) lib/active_support/cache/strategy/local_cache_middleware.rb:29:in `call'
actionpack (6.0.0) lib/action_dispatch/middleware/executor.rb:14:in `call'
actionpack (6.0.0) lib/action_dispatch/middleware/static.rb:126:in `call'
rack (2.0.7) lib/rack/sendfile.rb:111:in `call'
actionpack (6.0.0) lib/action_dispatch/middleware/host_authorization.rb:83:in `call'
rack-cors (1.0.3) lib/rack/cors.rb:95:in `call'
railties (6.0.0) lib/rails/engine.rb:526:in `call'
puma (3.12.1) lib/puma/configuration.rb:227:in `call'
puma (3.12.1) lib/puma/server.rb:660:in `handle_request'
puma (3.12.1) lib/puma/server.rb:474:in `process_client'
puma (3.12.1) lib/puma/server.rb:334:in `block in run'
puma (3.12.1) lib/puma/thread_pool.rb:135:in `block in spawn_thread'
Started DELETE "/api/v1/contacts.json" for ::1 at 2019-08-27 17:43:54 -0300
  
ActionController::RoutingError (No route matches [DELETE] "/api/v1/contacts.json"):
  
actionpack (6.0.0) lib/action_dispatch/middleware/debug_exceptions.rb:36:in `call'
actionpack (6.0.0) lib/action_dispatch/middleware/show_exceptions.rb:33:in `call'
railties (6.0.0) lib/rails/rack/logger.rb:38:in `call_app'
railties (6.0.0) lib/rails/rack/logger.rb:26:in `block in call'
activesupport (6.0.0) lib/active_support/tagged_logging.rb:80:in `block in tagged'
activesupport (6.0.0) lib/active_support/tagged_logging.rb:28:in `tagged'
activesupport (6.0.0) lib/active_support/tagged_logging.rb:80:in `tagged'
railties (6.0.0) lib/rails/rack/logger.rb:26:in `call'
actionpack (6.0.0) lib/action_dispatch/middleware/remote_ip.rb:81:in `call'
actionpack (6.0.0) lib/action_dispatch/middleware/request_id.rb:27:in `call'
rack (2.0.7) lib/rack/runtime.rb:22:in `call'
activesupport (6.0.0) lib/active_support/cache/strategy/local_cache_middleware.rb:29:in `call'
actionpack (6.0.0) lib/action_dispatch/middleware/executor.rb:14:in `call'
actionpack (6.0.0) lib/action_dispatch/middleware/static.rb:126:in `call'
rack (2.0.7) lib/rack/sendfile.rb:111:in `call'
actionpack (6.0.0) lib/action_dispatch/middleware/host_authorization.rb:83:in `call'
rack-cors (1.0.3) lib/rack/cors.rb:95:in `call'
railties (6.0.0) lib/rails/engine.rb:526:in `call'
puma (3.12.1) lib/puma/configuration.rb:227:in `call'
puma (3.12.1) lib/puma/server.rb:660:in `handle_request'
puma (3.12.1) lib/puma/server.rb:474:in `process_client'
puma (3.12.1) lib/puma/server.rb:334:in `block in run'
puma (3.12.1) lib/puma/thread_pool.rb:135:in `block in spawn_thread'
Started GET "/api/v1/contacts.json" for ::1 at 2019-08-27 17:44:03 -0300
Processing by Api::V1::ContactsController#index as JSON
  [1m[36mUser Load (5.7ms)[0m  [1m[34mSELECT "users".* FROM "users" WHERE "users"."email" = ? ORDER BY "users"."id" ASC LIMIT ?[0m  [["email", "luan@teste.com.br"], ["LIMIT", 1]]
  [1m[36mContact Load (0.2ms)[0m  [1m[34mSELECT "contacts".* FROM "contacts" WHERE "contacts"."user_id" = ?[0m  [["user_id", 2]]
  ↳ app/controllers/api/v1/contacts_controller.rb:10:in `index'
Completed 200 OK in 14ms (Views: 3.2ms | ActiveRecord: 5.9ms | Allocations: 2754)


Started DELETE "/api/v1/contacts/1" for ::1 at 2019-08-27 17:44:32 -0300
Processing by Api::V1::ContactsController#destroy as */*
  Parameters: {"id"=>"1"}
  [1m[36mUser Load (0.2ms)[0m  [1m[34mSELECT "users".* FROM "users" WHERE "users"."email" = ? ORDER BY "users"."id" ASC LIMIT ?[0m  [["email", "luan@teste.com.br"], ["LIMIT", 1]]
  [1m[36mContact Load (0.2ms)[0m  [1m[34mSELECT "contacts".* FROM "contacts" WHERE "contacts"."id" = ? LIMIT ?[0m  [["id", 1], ["LIMIT", 1]]
  ↳ app/controllers/api/v1/contacts_controller.rb:49:in `set_contact'
  [1m[36mUser Load (0.3ms)[0m  [1m[34mSELECT "users".* FROM "users" WHERE "users"."id" = ? LIMIT ?[0m  [["id", 2], ["LIMIT", 1]]
  ↳ app/controllers/api/v1/contacts_controller.rb:58:in `require_authorization!'
  [1m[35m (0.1ms)[0m  [1m[36mbegin transaction[0m
  ↳ app/controllers/api/v1/contacts_controller.rb:42:in `destroy'
  [1m[36mContact Destroy (0.7ms)[0m  [1m[31mDELETE FROM "contacts" WHERE "contacts"."id" = ?[0m  [["id", 1]]
  ↳ app/controllers/api/v1/contacts_controller.rb:42:in `destroy'
  [1m[35m (1.1ms)[0m  [1m[36mcommit transaction[0m
  ↳ app/controllers/api/v1/contacts_controller.rb:42:in `destroy'
Completed 204 No Content in 15ms (ActiveRecord: 2.6ms | Allocations: 4658)


Started GET "/api/v1/contacts.json" for ::1 at 2019-08-27 17:44:40 -0300
Processing by Api::V1::ContactsController#index as JSON
  [1m[36mUser Load (0.2ms)[0m  [1m[34mSELECT "users".* FROM "users" WHERE "users"."email" = ? ORDER BY "users"."id" ASC LIMIT ?[0m  [["email", "luan@teste.com.br"], ["LIMIT", 1]]
  [1m[36mContact Load (0.2ms)[0m  [1m[34mSELECT "contacts".* FROM "contacts" WHERE "contacts"."user_id" = ?[0m  [["user_id", 2]]
  ↳ app/controllers/api/v1/contacts_controller.rb:10:in `index'
Completed 200 OK in 10ms (Views: 4.1ms | ActiveRecord: 0.3ms | Allocations: 2525)


Started GET "/api/v1/contacts/1" for ::1 at 2019-08-27 17:47:11 -0300
Processing by Api::V1::ContactsController#show as */*
  Parameters: {"id"=>"1"}
  [1m[36mUser Load (0.2ms)[0m  [1m[34mSELECT "users".* FROM "users" WHERE "users"."email" = ? ORDER BY "users"."id" ASC LIMIT ?[0m  [["email", "luan@teste.com.br"], ["LIMIT", 1]]
  [1m[36mContact Load (0.1ms)[0m  [1m[34mSELECT "contacts".* FROM "contacts" WHERE "contacts"."id" = ? LIMIT ?[0m  [["id", 1], ["LIMIT", 1]]
  ↳ app/controllers/api/v1/contacts_controller.rb:49:in `set_contact'
Completed 404 Not Found in 5ms (ActiveRecord: 0.3ms | Allocations: 2018)


  
ActiveRecord::RecordNotFound (Couldn't find Contact with 'id'=1):
  
app/controllers/api/v1/contacts_controller.rb:49:in `set_contact'
Started GET "/api/v1/contacts/2" for ::1 at 2019-08-27 17:47:16 -0300
Processing by Api::V1::ContactsController#show as */*
  Parameters: {"id"=>"2"}
  [1m[36mUser Load (0.2ms)[0m  [1m[34mSELECT "users".* FROM "users" WHERE "users"."email" = ? ORDER BY "users"."id" ASC LIMIT ?[0m  [["email", "luan@teste.com.br"], ["LIMIT", 1]]
  [1m[36mContact Load (0.2ms)[0m  [1m[34mSELECT "contacts".* FROM "contacts" WHERE "contacts"."id" = ? LIMIT ?[0m  [["id", 2], ["LIMIT", 1]]
  ↳ app/controllers/api/v1/contacts_controller.rb:49:in `set_contact'
  [1m[36mUser Load (0.1ms)[0m  [1m[34mSELECT "users".* FROM "users" WHERE "users"."id" = ? LIMIT ?[0m  [["id", 2], ["LIMIT", 1]]
  ↳ app/controllers/api/v1/contacts_controller.rb:58:in `require_authorization!'
Completed 200 OK in 7ms (Views: 0.8ms | ActiveRecord: 0.4ms | Allocations: 2855)


Started PUT "/api/v1/contacts/2" for ::1 at 2019-08-27 17:48:42 -0300
Processing by Api::V1::ContactsController#update as */*
  Parameters: {"contact"=>{"name"=>"Luan Linares"}, "id"=>"2"}
  [1m[36mUser Load (0.1ms)[0m  [1m[34mSELECT "users".* FROM "users" WHERE "users"."email" = ? ORDER BY "users"."id" ASC LIMIT ?[0m  [["email", "luan@teste.com.br"], ["LIMIT", 1]]
  [1m[36mContact Load (0.1ms)[0m  [1m[34mSELECT "contacts".* FROM "contacts" WHERE "contacts"."id" = ? LIMIT ?[0m  [["id", 2], ["LIMIT", 1]]
  ↳ app/controllers/api/v1/contacts_controller.rb:49:in `set_contact'
  [1m[36mUser Load (0.2ms)[0m  [1m[34mSELECT "users".* FROM "users" WHERE "users"."id" = ? LIMIT ?[0m  [["id", 2], ["LIMIT", 1]]
  ↳ app/controllers/api/v1/contacts_controller.rb:58:in `require_authorization!'
  [1m[35m (0.2ms)[0m  [1m[36mbegin transaction[0m
  ↳ app/controllers/api/v1/contacts_controller.rb:32:in `update'
  [1m[36mContact Update (1.6ms)[0m  [1m[33mUPDATE "contacts" SET "name" = ?, "updated_at" = ? WHERE "contacts"."id" = ?[0m  [["name", "Luan Linares"], ["updated_at", "2019-08-27 20:48:42.318131"], ["id", 2]]
  ↳ app/controllers/api/v1/contacts_controller.rb:32:in `update'
  [1m[35m (0.8ms)[0m  [1m[36mcommit transaction[0m
  ↳ app/controllers/api/v1/contacts_controller.rb:32:in `update'
Completed 200 OK in 19ms (Views: 0.5ms | ActiveRecord: 3.1ms | Allocations: 5095)


Started GET "/api/v1/contacts.json" for ::1 at 2019-08-27 17:48:49 -0300
Processing by Api::V1::ContactsController#index as JSON
  [1m[36mUser Load (0.2ms)[0m  [1m[34mSELECT "users".* FROM "users" WHERE "users"."email" = ? ORDER BY "users"."id" ASC LIMIT ?[0m  [["email", "luan@teste.com.br"], ["LIMIT", 1]]
  [1m[36mContact Load (0.3ms)[0m  [1m[34mSELECT "contacts".* FROM "contacts" WHERE "contacts"."user_id" = ?[0m  [["user_id", 2]]
  ↳ app/controllers/api/v1/contacts_controller.rb:10:in `index'
Completed 200 OK in 7ms (Views: 3.7ms | ActiveRecord: 0.5ms | Allocations: 2533)


